0 info it worked if it ends with ok
1 verbose cli [ '/usr/local/Cellar/node/4.2.1/bin/node',
1 verbose cli   '/usr/local/bin/npm',
1 verbose cli   'install',
1 verbose cli   '-',
1 verbose cli   'nodemon' ]
2 info using npm@3.7.3
3 info using node@v4.2.1
4 silly loadCurrentTree Starting
5 silly install loadCurrentTree
6 silly install readLocalPackageData
7 silly fetchPackageMetaData -
8 silly fetchPackageMetaData nodemon
9 silly fetchOtherPackageData -
10 silly cache add args [ '-', null ]
11 verbose cache add spec -
12 silly fetchNamedPackageData nodemon
13 silly mapToRegistry name nodemon
14 silly mapToRegistry using default registry
15 silly mapToRegistry registry https://registry.npmjs.org/
16 silly mapToRegistry uri https://registry.npmjs.org/nodemon
17 silly cache add parsed spec Result {
17 silly cache add   raw: '-',
17 silly cache add   scope: null,
17 silly cache add   name: null,
17 silly cache add   rawSpec: '-',
17 silly cache add   spec: '/Users/shashik/full-stack-reddit-clone/-',
17 silly cache add   type: 'local' }
18 error addLocal Could not install /Users/shashik/full-stack-reddit-clone/-
19 silly fetchPackageMetaData Error: ENOENT: no such file or directory, open '/Users/shashik/full-stack-reddit-clone/-'
19 silly fetchPackageMetaData     at Error (native)
19 silly fetchPackageMetaData  error for - { [Error: ENOENT: no such file or directory, open '/Users/shashik/full-stack-reddit-clone/-']
19 silly fetchPackageMetaData   errno: -2,
19 silly fetchPackageMetaData   code: 'ENOENT',
19 silly fetchPackageMetaData   syscall: 'open',
19 silly fetchPackageMetaData   path: '/Users/shashik/full-stack-reddit-clone/-' }
20 verbose request uri https://registry.npmjs.org/nodemon
21 verbose request no auth needed
22 info attempt registry request try #1 at 9:36:29 PM
23 verbose request id 406d907c8bd436ec
24 verbose etag "9B9T7WLGKGIQ6S978EPJOHSWD"
25 http request GET https://registry.npmjs.org/nodemon
26 http 200 https://registry.npmjs.org/nodemon
27 verbose headers { server: 'CouchDB/1.5.0 (Erlang OTP/R16B03)',
27 verbose headers   etag: '"39WJRS93J6YXJC32TIVQI80Y3"',
27 verbose headers   'content-type': 'application/json',
27 verbose headers   'cache-control': 'max-age=300',
27 verbose headers   'content-length': '186352',
27 verbose headers   'accept-ranges': 'bytes',
27 verbose headers   date: 'Sun, 28 Feb 2016 05:36:31 GMT',
27 verbose headers   via: '1.1 varnish',
27 verbose headers   age: '0',
27 verbose headers   connection: 'keep-alive',
27 verbose headers   'x-served-by': 'cache-ord1721-ORD',
27 verbose headers   'x-cache': 'HIT',
27 verbose headers   'x-cache-hits': '1',
27 verbose headers   'x-timer': 'S1456637791.088241,VS0,VE154',
27 verbose headers   vary: 'Accept' }
28 silly get cb [ 200,
28 silly get   { server: 'CouchDB/1.5.0 (Erlang OTP/R16B03)',
28 silly get     etag: '"39WJRS93J6YXJC32TIVQI80Y3"',
28 silly get     'content-type': 'application/json',
28 silly get     'cache-control': 'max-age=300',
28 silly get     'content-length': '186352',
28 silly get     'accept-ranges': 'bytes',
28 silly get     date: 'Sun, 28 Feb 2016 05:36:31 GMT',
28 silly get     via: '1.1 varnish',
28 silly get     age: '0',
28 silly get     connection: 'keep-alive',
28 silly get     'x-served-by': 'cache-ord1721-ORD',
28 silly get     'x-cache': 'HIT',
28 silly get     'x-cache-hits': '1',
28 silly get     'x-timer': 'S1456637791.088241,VS0,VE154',
28 silly get     vary: 'Accept' } ]
29 verbose get saving nodemon to /Users/shashik/.npm/registry.npmjs.org/nodemon/.cache.json
30 verbose correctMkdir /Users/shashik/.npm correctMkdir not in flight; initializing
31 silly rollbackFailedOptional Starting
32 silly rollbackFailedOptional Finishing
33 silly runTopLevelLifecycles Starting
34 silly runTopLevelLifecycles Finishing
35 silly install printInstalled
36 verbose stack Error: ENOENT: no such file or directory, open '/Users/shashik/full-stack-reddit-clone/-'
36 verbose stack     at Error (native)
37 verbose cwd /Users/shashik/full-stack-reddit-clone
38 error Darwin 14.3.0
39 error argv "/usr/local/Cellar/node/4.2.1/bin/node" "/usr/local/bin/npm" "install" "-" "nodemon"
40 error node v4.2.1
41 error npm  v3.7.3
42 error path /Users/shashik/full-stack-reddit-clone/-
43 error code ENOENT
44 error errno -2
45 error syscall open
46 error enoent ENOENT: no such file or directory, open '/Users/shashik/full-stack-reddit-clone/-'
47 error enoent ENOENT: no such file or directory, open '/Users/shashik/full-stack-reddit-clone/-'
47 error enoent This is most likely not a problem with npm itself
47 error enoent and is related to npm not being able to find a file.
48 verbose exit [ -2, true ]
